#
# A fatal error has been detected by the Java Runtime Environment:
#
#  EXCEPTION_ACCESS_VIOLATION (0xc0000005) at pc=0x00000000661fe9b8, pid=13112, tid=0x00000000000024f8
#
# JRE version: OpenJDK Runtime Environment (8.0_112-b06) (build 1.8.0_112-release-b06)
# Java VM: OpenJDK 64-Bit Server VM (25.112-b06 mixed mode windows-amd64 compressed oops)
# Problematic frame:
# V  [jvm.dll+0xee9b8]
#
# Failed to write core dump. Minidumps are not enabled by default on client versions of Windows
#
# If you would like to submit a bug report, please visit:
#   http://bugreport.java.com/bugreport/crash.jsp
#

---------------  T H R E A D  ---------------

Current thread (0x000000000264c000):  GCTaskThread [stack: 0x00000000122a0000,0x00000000123a0000] [id=9464]

siginfo: ExceptionCode=0xc0000005, reading address 0xffffffffffffffff

Registers:
RAX=0x00000000127d0000, RBX=0x0000000000000004, RCX=0x0000000000000000, RDX=0x0000000000000000
RSP=0x000000001239f5c0, RBP=0x00000000a2e66c48, RSI=0x00000000563b4e00, RDI=0x00000000563b4e00
R8 =0x007fffffffb00000, R9 =0x0000000015ad87b8, R10=0x000000000000000c, R11=0x00000000666d4c58
R12=0x00000000a2e66c50, R13=0x0000000015ad8bf8, R14=0x0000000015ad8c00, R15=0x00000000a2e66bf8
RIP=0x00000000661fe9b8, EFLAGS=0x0000000000010246

Top of Stack: (sp=0x000000001239f5c0)
0x000000001239f5c0:   0000000015ad87b8 00000000a2e66b5c
0x000000001239f5d0:   000000000000000b 0000000066304c82
0x000000001239f5e0:   0000000000000000 000000000264c9a0
0x000000001239f5f0:   00000000026499a0 00000000563b4e00
0x000000001239f600:   0000000000001c03 00000000664d1fc0
0x000000001239f610:   000000005691e058 000000001239f729
0x000000001239f620:   00000000563b4e00 0000000066722168
0x000000001239f630:   0000000056912b58 000000001239f6e0
0x000000001239f640:   00000000594ee640 0000000000000004
0x000000001239f650:   00000000563b4e00 00000000661fd0b2
0x000000001239f660:   00000000a0ce8f60 0000000000000000
0x000000001239f670:   0000000000000000 00000000026499a0
0x000000001239f680:   000000000264c9b0 000000000264c9a0
0x000000001239f690:   0000000066722168 00000000563b4e00
0x000000001239f6a0:   0000000000000000 000000001239f729
0x000000001239f6b0:   0000000056345470 00000000664cf230 

Instructions: (pc=0x00000000661fe9b8)
0x00000000661fe998:   05 53 2f 6d 00 49 c1 e8 03 49 d3 e8 41 0f b6 c0
0x00000000661fe9a8:   49 c1 e8 06 24 3f 0f b6 d0 48 8b 05 68 2f 6d 00
0x00000000661fe9b8:   4a 8b 0c c0 48 0f a3 d1 0f 82 59 01 00 00 0f b6
0x00000000661fe9c8:   15 a4 8e 6c 00 84 d2 74 16 44 8b 43 08 8b 0d 7d 


Register to memory mapping:

RAX=0x00000000127d0000 is an unknown value
RBX=0x0000000000000004 is an unknown value
RCX=0x0000000000000000 is an unknown value
RDX=0x0000000000000000 is an unknown value
RSP=0x000000001239f5c0 is an unknown value
RBP=0x00000000a2e66c48 is pointing into object: 0x00000000a2e66bf8
java.lang.reflect.Method 
 - klass: 'java/lang/reflect/Method'
RSI=0x00000000563b4e00 is an unknown value
RDI=0x00000000563b4e00 is an unknown value
R8 =0x007fffffffb00000 is an unknown value
R9 =0x0000000015ad87b8 is pointing into metadata
R10=0x000000000000000c is an unknown value
R11=0x00000000666d4c58 is an unknown value
R12=0x00000000a2e66c50 is an oop
org.codehaus.groovy.reflection.CachedMethod 
 - klass: 'org/codehaus/groovy/reflection/CachedMethod'
R13=0x0000000015ad8bf8 is pointing into metadata
R14=0x0000000015ad8c00 is pointing into metadata
R15=0x00000000a2e66bf8 is an oop
java.lang.reflect.Method 
 - klass: 'java/lang/reflect/Method'


Stack: [0x00000000122a0000,0x00000000123a0000],  sp=0x000000001239f5c0,  free space=1021k
Native frames: (J=compiled Java code, j=interpreted, Vv=VM code, C=native code)
V  [jvm.dll+0xee9b8]
V  [jvm.dll+0x3c1fc0]
V  [jvm.dll+0x3bf230]
V  [jvm.dll+0x3bce6e]
V  [jvm.dll+0x26c13a]
C  [msvcr100.dll+0x21d9f]
C  [msvcr100.dll+0x21e3b]
C  [kernel32.dll+0x159cd]
C  [ntdll.dll+0x2a561]


---------------  P R O C E S S  ---------------

Java Threads: ( => current thread )
  0x000000005b126800 JavaThread "pool-2-thread-1" [_thread_blocked, id=6832, stack(0x000000005ab90000,0x000000005ac90000)]
  0x0000000058df9800 JavaThread "File lock request listener" [_thread_in_native, id=6820, stack(0x000000005c070000,0x000000005c170000)]
  0x0000000057bab800 JavaThread "Stdin handler" [_thread_blocked, id=13196, stack(0x000000005a6d0000,0x000000005a7d0000)]
  0x0000000057b70000 JavaThread "Asynchronous log dispatcher for DefaultDaemonConnection: socket connection from /127.0.0.1:64697 to /127.0.0.1:64700" [_thread_blocked, id=12620, stack(0x000000005acc0000,0x000000005adc0000)]
  0x0000000057bb5800 JavaThread "Daemon worker" [_thread_blocked, id=13008, stack(0x000000005a980000,0x000000005aa80000)]
  0x00000000594f0000 JavaThread "Cancel handler" [_thread_blocked, id=2656, stack(0x000000005aa80000,0x000000005ab80000)]
  0x00000000597b4800 JavaThread "Handler for socket connection from /127.0.0.1:64697 to /127.0.0.1:64700" [_thread_in_native, id=11068, stack(0x000000005a800000,0x000000005a900000)]
  0x0000000057ec1000 JavaThread "Daemon" [_thread_blocked, id=10628, stack(0x0000000057530000,0x0000000057630000)]
  0x0000000057ec0000 JavaThread "pool-1-thread-1" [_thread_blocked, id=2196, stack(0x000000005a5b0000,0x000000005a6b0000)]
  0x000000005931e000 JavaThread "Incoming local TCP Connector on port 64697" [_thread_in_native, id=12244, stack(0x0000000059f20000,0x000000005a020000)]
  0x0000000057b51800 JavaThread "Service Thread" daemon [_thread_blocked, id=7884, stack(0x0000000058510000,0x0000000058610000)]
  0x0000000057b16800 JavaThread "C1 CompilerThread2" daemon [_thread_blocked, id=10948, stack(0x00000000583b0000,0x00000000584b0000)]
  0x0000000057b11800 JavaThread "C2 CompilerThread1" daemon [_thread_in_native, id=9504, stack(0x00000000578c0000,0x00000000579c0000)]
  0x00000000564ce000 JavaThread "C2 CompilerThread0" daemon [_thread_blocked, id=12788, stack(0x0000000058210000,0x0000000058310000)]
  0x0000000057afb800 JavaThread "Attach Listener" daemon [_thread_blocked, id=11836, stack(0x00000000580d0000,0x00000000581d0000)]
  0x00000000564ca000 JavaThread "Signal Dispatcher" daemon [_thread_blocked, id=7784, stack(0x0000000057fa0000,0x00000000580a0000)]
  0x00000000564a7000 JavaThread "Finalizer" daemon [_thread_blocked, id=9012, stack(0x00000000579f0000,0x0000000057af0000)]
  0x0000000056460000 JavaThread "Reference Handler" daemon [_thread_blocked, id=6544, stack(0x0000000057650000,0x0000000057750000)]
  0x00000000024ae800 JavaThread "main" [_thread_blocked, id=10880, stack(0x0000000002850000,0x0000000002950000)]

Other Threads:
  0x0000000056458800 VMThread [stack: 0x00000000573f0000,0x00000000574f0000] [id=11572]
  0x0000000057b56000 WatcherThread [stack: 0x0000000058640000,0x0000000058740000] [id=12680]

=>0x000000000264c000 (exited) GCTaskThread [stack: 0x00000000122a0000,0x00000000123a0000] [id=9464]

VM state:at safepoint (normal execution)

VM Mutex/Monitor currently owned by a thread:  ([mutex/lock_event])
[0x00000000024ac250] Threads_lock - owner thread: 0x0000000056458800
[0x00000000024ac750] Heap_lock - owner thread: 0x0000000057bb5800

Heap:
 PSYoungGen      total 326144K, used 19894K [0x00000000e0000000, 0x00000000f7a00000, 0x0000000100000000)
  eden space 294400K, 0% used [0x00000000e0000000,0x00000000e0000000,0x00000000f1f80000)
  from space 31744K, 62% used [0x00000000f3f00000,0x00000000f526d880,0x00000000f5e00000)
  to   space 32256K, 0% used [0x00000000f1f80000,0x00000000f1f80000,0x00000000f3f00000)
 ParOldGen       total 107008K, used 53664K [0x00000000a0000000, 0x00000000a6880000, 0x00000000e0000000)
  object space 107008K, 50% used [0x00000000a0000000,0x00000000a34682a8,0x00000000a6880000)
 Metaspace       used 56148K, capacity 59044K, committed 59160K, reserved 1099776K
  class space    used 7587K, capacity 8260K, committed 8320K, reserved 1048576K

Card table byte_map: [0x0000000011d10000,0x0000000012020000] byte_map_base: 0x0000000011810000

Marking Bits: (ParMarkBitMap*) 0x00000000668d18f0
 Begin Bits: [0x00000000127d0000, 0x0000000013fd0000)
 End Bits:   [0x0000000013fd0000, 0x00000000157d0000)

Polling page: 0x0000000000340000

CodeCache: size=245760Kb used=27824Kb max_used=27824Kb free=217935Kb
 bounds [0x0000000002950000, 0x00000000044c0000, 0x0000000011950000]
 total_blobs=8646 nmethods=7884 adapters=674
 compilation: enabled

Compilation events (10 events):
Event: 23.341 Thread 0x0000000057b16800 nmethod 8832 0x0000000003182b50 code [0x0000000003182ca0, 0x0000000003182db0]
Event: 23.341 Thread 0x0000000057b16800 8833       1       java.lang.reflect.Constructor::getRawAnnotations (5 bytes)
Event: 23.342 Thread 0x0000000057b16800 nmethod 8833 0x0000000003182890 code [0x00000000031829e0, 0x0000000003182af0]
Event: 23.342 Thread 0x0000000057b16800 8834       1       java.lang.reflect.Constructor::getRawParameterAnnotations (5 bytes)
Event: 23.342 Thread 0x0000000057b16800 nmethod 8834 0x000000000446fed0 code [0x0000000004470020, 0x0000000004470130]
Event: 23.342 Thread 0x0000000057b16800 8835       3       sun.reflect.MethodAccessorGenerator::<init> (5 bytes)
Event: 23.342 Thread 0x0000000057b16800 nmethod 8835 0x000000000446fa50 code [0x000000000446fbc0, 0x000000000446fdf0]
Event: 23.342 Thread 0x0000000057b16800 8836       3       sun.reflect.AccessorGenerator::<init> (17 bytes)
Event: 23.342 Thread 0x0000000057b16800 nmethod 8836 0x000000000446f610 code [0x000000000446f760, 0x000000000446f910]
Event: 23.372 Thread 0x0000000057b16800 8839       3       sun.invoke.util.VerifyAccess::isMemberAccessible (261 bytes)

GC Heap History (10 events):
Event: 15.591 GC heap after
Heap after GC invocations=8 (full 2):
 PSYoungGen      total 164864K, used 0K [0x00000000e0000000, 0x00000000ebb80000, 0x0000000100000000)
  eden space 152576K, 0% used [0x00000000e0000000,0x00000000e0000000,0x00000000e9500000)
  from space 12288K, 0% used [0x00000000ea200000,0x00000000ea200000,0x00000000eae00000)
  to   space 13312K, 0% used [0x00000000e9500000,0x00000000e9500000,0x00000000ea200000)
 ParOldGen       total 107008K, used 17984K [0x00000000a0000000, 0x00000000a6880000, 0x00000000e0000000)
  object space 107008K, 16% used [0x00000000a0000000,0x00000000a11903f8,0x00000000a6880000)
 Metaspace       used 34507K, capacity 35318K, committed 35496K, reserved 1079296K
  class space    used 4649K, capacity 4858K, committed 4864K, reserved 1048576K
}
Event: 17.760 GC heap before
{Heap before GC invocations=9 (full 2):
 PSYoungGen      total 164864K, used 152576K [0x00000000e0000000, 0x00000000ebb80000, 0x0000000100000000)
  eden space 152576K, 100% used [0x00000000e0000000,0x00000000e9500000,0x00000000e9500000)
  from space 12288K, 0% used [0x00000000ea200000,0x00000000ea200000,0x00000000eae00000)
  to   space 13312K, 0% used [0x00000000e9500000,0x00000000e9500000,0x00000000ea200000)
 ParOldGen       total 107008K, used 17984K [0x00000000a0000000, 0x00000000a6880000, 0x00000000e0000000)
  object space 107008K, 16% used [0x00000000a0000000,0x00000000a11903f8,0x00000000a6880000)
 Metaspace       used 43631K, capacity 44710K, committed 44800K, reserved 1087488K
  class space    used 5854K, capacity 6127K, committed 6144K, reserved 1048576K
Event: 17.772 GC heap after
Heap after GC invocations=9 (full 2):
 PSYoungGen      total 165888K, used 13307K [0x00000000e0000000, 0x00000000efc00000, 0x0000000100000000)
  eden space 152576K, 0% used [0x00000000e0000000,0x00000000e0000000,0x00000000e9500000)
  from space 13312K, 99% used [0x00000000e9500000,0x00000000ea1fefd8,0x00000000ea200000)
  to   space 15360K, 0% used [0x00000000eed00000,0x00000000eed00000,0x00000000efc00000)
 ParOldGen       total 107008K, used 18162K [0x00000000a0000000, 0x00000000a6880000, 0x00000000e0000000)
  object space 107008K, 16% used [0x00000000a0000000,0x00000000a11bcac0,0x00000000a6880000)
 Metaspace       used 43631K, capacity 44710K, committed 44800K, reserved 1087488K
  class space    used 5854K, capacity 6127K, committed 6144K, reserved 1048576K
}
Event: 19.803 GC heap before
{Heap before GC invocations=10 (full 2):
 PSYoungGen      total 165888K, used 165883K [0x00000000e0000000, 0x00000000efc00000, 0x0000000100000000)
  eden space 152576K, 100% used [0x00000000e0000000,0x00000000e9500000,0x00000000e9500000)
  from space 13312K, 99% used [0x00000000e9500000,0x00000000ea1fefd8,0x00000000ea200000)
  to   space 15360K, 0% used [0x00000000eed00000,0x00000000eed00000,0x00000000efc00000)
 ParOldGen       total 107008K, used 18162K [0x00000000a0000000, 0x00000000a6880000, 0x00000000e0000000)
  object space 107008K, 16% used [0x00000000a0000000,0x00000000a11bcac0,0x00000000a6880000)
 Metaspace       used 48553K, capacity 50152K, committed 50560K, reserved 1093632K
  class space    used 6548K, capacity 6916K, committed 7040K, reserved 1048576K
Event: 19.831 GC heap after
Heap after GC invocations=10 (full 2):
 PSYoungGen      total 238592K, used 15343K [0x00000000e0000000, 0x00000000f0780000, 0x0000000100000000)
  eden space 223232K, 0% used [0x00000000e0000000,0x00000000e0000000,0x00000000eda00000)
  from space 15360K, 99% used [0x00000000eed00000,0x00000000efbfbff0,0x00000000efc00000)
  to   space 19456K, 0% used [0x00000000eda00000,0x00000000eda00000,0x00000000eed00000)
 ParOldGen       total 107008K, used 23073K [0x00000000a0000000, 0x00000000a6880000, 0x00000000e0000000)
  object space 107008K, 21% used [0x00000000a0000000,0x00000000a16884d0,0x00000000a6880000)
 Metaspace       used 48553K, capacity 50152K, committed 50560K, reserved 1093632K
  class space    used 6548K, capacity 6916K, committed 7040K, reserved 1048576K
}
Event: 22.836 GC heap before
{Heap before GC invocations=11 (full 2):
 PSYoungGen      total 238592K, used 238575K [0x00000000e0000000, 0x00000000f0780000, 0x0000000100000000)
  eden space 223232K, 100% used [0x00000000e0000000,0x00000000eda00000,0x00000000eda00000)
  from space 15360K, 99% used [0x00000000eed00000,0x00000000efbfbff0,0x00000000efc00000)
  to   space 19456K, 0% used [0x00000000eda00000,0x00000000eda00000,0x00000000eed00000)
 ParOldGen       total 107008K, used 23073K [0x00000000a0000000, 0x00000000a6880000, 0x00000000e0000000)
  object space 107008K, 21% used [0x00000000a0000000,0x00000000a16884d0,0x00000000a6880000)
 Metaspace       used 54949K, capacity 57498K, committed 57728K, reserved 1099776K
  class space    used 7393K, capacity 7969K, committed 8064K, reserved 1048576K
Event: 22.880 GC heap after
Heap after GC invocations=11 (full 2):
 PSYoungGen      total 242688K, used 19424K [0x00000000e0000000, 0x00000000f5e00000, 0x0000000100000000)
  eden space 223232K, 0% used [0x00000000e0000000,0x00000000e0000000,0x00000000eda00000)
  from space 19456K, 99% used [0x00000000eda00000,0x00000000eecf81f8,0x00000000eed00000)
  to   space 31744K, 0% used [0x00000000f3f00000,0x00000000f3f00000,0x00000000f5e00000)
 ParOldGen       total 107008K, used 46646K [0x00000000a0000000, 0x00000000a6880000, 0x00000000e0000000)
  object space 107008K, 43% used [0x00000000a0000000,0x00000000a2d8d880,0x00000000a6880000)
 Metaspace       used 54949K, capacity 57498K, committed 57728K, reserved 1099776K
  class space    used 7393K, capacity 7969K, committed 8064K, reserved 1048576K
}
Event: 23.373 GC heap before
{Heap before GC invocations=12 (full 2):
 PSYoungGen      total 242688K, used 74872K [0x00000000e0000000, 0x00000000f5e00000, 0x0000000100000000)
  eden space 223232K, 24% used [0x00000000e0000000,0x00000000e36261c8,0x00000000eda00000)
  from space 19456K, 99% used [0x00000000eda00000,0x00000000eecf81f8,0x00000000eed00000)
  to   space 31744K, 0% used [0x00000000f3f00000,0x00000000f3f00000,0x00000000f5e00000)
 ParOldGen       total 107008K, used 46646K [0x00000000a0000000, 0x00000000a6880000, 0x00000000e0000000)
  object space 107008K, 43% used [0x00000000a0000000,0x00000000a2d8d880,0x00000000a6880000)
 Metaspace       used 56148K, capacity 59044K, committed 59160K, reserved 1099776K
  class space    used 7587K, capacity 8260K, committed 8320K, reserved 1048576K
Event: 23.415 GC heap after
Heap after GC invocations=12 (full 2):
 PSYoungGen      total 326144K, used 19894K [0x00000000e0000000, 0x00000000f7a00000, 0x0000000100000000)
  eden space 294400K, 0% used [0x00000000e0000000,0x00000000e0000000,0x00000000f1f80000)
  from space 31744K, 62% used [0x00000000f3f00000,0x00000000f526d880,0x00000000f5e00000)
  to   space 32256K, 0% used [0x00000000f1f80000,0x00000000f1f80000,0x00000000f3f00000)
 ParOldGen       total 107008K, used 53664K [0x00000000a0000000, 0x00000000a6880000, 0x00000000e0000000)
  object space 107008K, 50% used [0x00000000a0000000,0x00000000a34682a8,0x00000000a6880000)
 Metaspace       used 56148K, capacity 59044K, committed 59160K, reserved 1099776K
  class space    used 7587K, capacity 8260K, committed 8320K, reserved 1048576K
}
Event: 23.415 GC heap before
{Heap before GC invocations=13 (full 3):
 PSYoungGen      total 326144K, used 19894K [0x00000000e0000000, 0x00000000f7a00000, 0x0000000100000000)
  eden space 294400K, 0% used [0x00000000e0000000,0x00000000e0000000,0x00000000f1f80000)
  from space 31744K, 62% used [0x00000000f3f00000,0x00000000f526d880,0x00000000f5e00000)
  to   space 32256K, 0% used [0x00000000f1f80000,0x00000000f1f80000,0x00000000f3f00000)
 ParOldGen       total 107008K, used 53664K [0x00000000a0000000, 0x00000000a6880000, 0x00000000e0000000)
  object space 107008K, 50% used [0x00000000a0000000,0x00000000a34682a8,0x00000000a6880000)
 Metaspace       used 56148K, capacity 59044K, committed 59160K, reserved 1099776K
  class space    used 7587K, capacity 8260K, committed 8320K, reserved 1048576K

Deoptimization events (10 events):
Event: 22.696 Thread 0x0000000057bb5800 Uncommon trap: reason=unstable_if action=reinterpret pc=0x0000000004331e40 method=sun.reflect.generics.parser.SignatureParser.parseClassTypeSignatureSuffix(Ljava/util/List;)V @ 6
Event: 22.757 Thread 0x0000000057bb5800 Uncommon trap: reason=class_check action=maybe_recompile pc=0x00000000035ec0ec method=java.lang.Throwable.<init>(Ljava/lang/String;Ljava/lang/Throwable;)V @ 24
Event: 22.757 Thread 0x0000000057bb5800 Uncommon trap: reason=class_check action=maybe_recompile pc=0x00000000035ec0ec method=java.lang.Throwable.<init>(Ljava/lang/String;Ljava/lang/Throwable;)V @ 24
Event: 22.772 Thread 0x0000000057bb5800 Uncommon trap: reason=class_check action=maybe_recompile pc=0x00000000035ec0ec method=java.lang.Throwable.<init>(Ljava/lang/String;Ljava/lang/Throwable;)V @ 24
Event: 23.019 Thread 0x0000000057bb5800 Uncommon trap: reason=unstable_if action=reinterpret pc=0x0000000003e90420 method=java.lang.Class$MethodArray.addInterfaceMethods([Ljava/lang/reflect/Method;)V @ 28
Event: 23.103 Thread 0x0000000057bb5800 Uncommon trap: reason=class_check action=maybe_recompile pc=0x00000000042b0bfc method=com.google.common.collect.Iterators$5.hasNext()Z @ 24
Event: 23.103 Thread 0x0000000057bb5800 Uncommon trap: reason=class_check action=maybe_recompile pc=0x00000000042b0bfc method=com.google.common.collect.Iterators$5.hasNext()Z @ 24
Event: 23.106 Thread 0x0000000057bb5800 Uncommon trap: reason=class_check action=maybe_recompile pc=0x00000000042b0bfc method=com.google.common.collect.Iterators$5.hasNext()Z @ 24
Event: 23.106 Thread 0x0000000057bb5800 Uncommon trap: reason=class_check action=maybe_recompile pc=0x00000000042b0bfc method=com.google.common.collect.Iterators$5.hasNext()Z @ 24
Event: 23.258 Thread 0x0000000057bb5800 Uncommon trap: reason=unstable_if action=reinterpret pc=0x0000000002aaabe4 method=java.lang.reflect.Proxy.isProxyClass(Ljava/lang/Class;)Z @ 6

Internal exceptions (10 events):
Event: 23.036 Thread 0x0000000057bb5800 Exception <a 'java/lang/ClassNotFoundException': org/jetbrains/plugins/gradle/model/DefaultExternalPluginBeanInfo> (0x00000000e233b748) thrown at [C:\src\android\AOSP-openjdk\external\jetbrains\jdk\hotspot\src\share\vm\classfile\systemDictionary.cpp, line <Ó`:	7@
Event: 23.036 Thread 0x0000000057bb5800 Exception <a 'java/lang/ClassNotFoundException': org/jetbrains/plugins/gradle/model/DefaultExternalPluginCustomizer> (0x00000000e2348f78) thrown at [C:\src\android\AOSP-openjdk\external\jetbrains\jdk\hotspot\src\share\vm\classfile\systemDictionary.cpp, linp·r	Ê	7@
Event: 23.038 Thread 0x0000000057bb5800 Exception <a 'java/lang/ClassNotFoundException': org/gradle/api/internal/artifacts/DefaultPublishArtifactSetBeanInfo> (0x00000000e238c2f0) thrown at [C:\src\android\AOSP-openjdk\external\jetbrains\jdk\hotspot\src\share\vm\classfile\systemDictionary.cpp, liUy²Ô	7@
Event: 23.038 Thread 0x0000000057bb5800 Exception <a 'java/lang/ClassNotFoundException': org/gradle/api/internal/artifacts/DefaultPublishArtifactSetCustomizer> (0x00000000e23a0be0) thrown at [C:\src\android\AOSP-openjdk\external\jetbrains\jdk\hotspot\src\share\vm\classfile\systemDictionary.cpp, Ò¢j=
7@
Event: 23.040 Thread 0x0000000057bb5800 Exception <a 'java/lang/ClassNotFoundException': org/gradle/api/internal/file/DefaultFileCollectionFactory$1BeanInfo> (0x00000000e23d99f0) thrown at [C:\src\android\AOSP-openjdk\external\jetbrains\jdk\hotspot\src\share\vm\classfile\systemDictionary.cpp, liÑ.ZÌ'
7@
Event: 23.040 Thread 0x0000000057bb5800 Exception <a 'java/lang/ClassNotFoundException': org/gradle/api/internal/file/collections/FileCollectionAdapterBeanInfo> (0x00000000e23ee360) thrown at [C:\src\android\AOSP-openjdk\external\jetbrains\jdk\hotspot\src\share\vm\classfile\systemDictionary.cpp,×£µí1
7@
Event: 23.040 Thread 0x0000000057bb5800 Exception <a 'java/lang/ClassNotFoundException': org/gradle/api/internal/file/collections/FileCollectionAdapterCustomizer> (0x00000000e2403488) thrown at [C:\src\android\AOSP-openjdk\external\jetbrains\jdk\hotspot\src\share\vm\classfile\systemDictionary.cpIlÞE
7@
Event: 23.040 Thread 0x0000000057bb5800 Exception <a 'java/lang/ClassNotFoundException': org/gradle/api/internal/file/DefaultFileCollectionFactory$1Customizer> (0x00000000e2420df0) thrown at [C:\src\android\AOSP-openjdk\external\jetbrains\jdk\hotspot\src\share\vm\classfile\systemDictionary.cpp, âdAº97@
Event: 23.071 Thread 0x0000000057bb5800 Exception <a 'java/lang/ClassNotFoundException': java/util/CollectionsBeanInfo> (0x00000000e273dc48) thrown at [C:\src\android\AOSP-openjdk\external\jetbrains\jdk\hotspot\src\share\vm\classfile\systemDictionary.cpp, line 210]
Event: 23.071 Thread 0x0000000057bb5800 Exception <a 'java/lang/ClassNotFoundException': java/util/CollectionsCustomizer> (0x00000000e2744830) thrown at [C:\src\android\AOSP-openjdk\external\jetbrains\jdk\hotspot\src\share\vm\classfile\systemDictionary.cpp, line 210]

Events (10 events):
Event: 23.370 loading class com/sun/jmx/mbeanserver/StandardMBeanIntrospector done
Event: 23.370 Executing VM operation: RevokeBias
Event: 23.371 Executing VM operation: RevokeBias done
Event: 23.371 Executing VM operation: RevokeBias
Event: 23.371 Executing VM operation: RevokeBias done
Event: 23.372 loading class com/android/build/gradle/BasePlugin$1
Event: 23.372 loading class com/android/build/gradle/BasePlugin$1 done
Event: 23.372 loading class com/android/builder/internal/compiler/PreDexCache
Event: 23.372 loading class com/android/builder/internal/compiler/PreDexCache done
Event: 23.372 Executing VM operation: CollectForMetadataAllocation


Dynamic libraries:
0x000000013f860000 - 0x000000013f891000 	E:\Android\Android Studio\jre\bin\java.exe
0x0000000077760000 - 0x000000007790a000 	C:\Windows\SYSTEM32\ntdll.dll
0x0000000077540000 - 0x000000007765f000 	C:\Windows\system32\kernel32.dll
0x000007fefd5e0000 - 0x000007fefd64a000 	C:\Windows\system32\KERNELBASE.dll
0x000007fefef30000 - 0x000007feff00b000 	C:\Windows\system32\ADVAPI32.dll
0x000007fefd970000 - 0x000007fefda0f000 	C:\Windows\system32\msvcrt.dll
0x000007fefece0000 - 0x000007fefecff000 	C:\Windows\SYSTEM32\sechost.dll
0x000007fefedf0000 - 0x000007fefef1d000 	C:\Windows\system32\RPCRT4.dll
0x0000000077660000 - 0x000000007775a000 	C:\Windows\system32\USER32.dll
0x000007feff790000 - 0x000007feff7f7000 	C:\Windows\system32\GDI32.dll
0x000007feff910000 - 0x000007feff91e000 	C:\Windows\system32\LPK.dll
0x000007feff920000 - 0x000007feff9ea000 	C:\Windows\system32\USP10.dll
0x000007fefbfc0000 - 0x000007fefc1b4000 	C:\Windows\WinSxS\amd64_microsoft.windows.common-controls_6595b64144ccf1df_6.0.7601.18837_none_fa3b1e3d17594757\COMCTL32.dll
0x000007fefda10000 - 0x000007fefda81000 	C:\Windows\system32\SHLWAPI.dll
0x000007feff800000 - 0x000007feff82e000 	C:\Windows\system32\IMM32.DLL
0x000007feff220000 - 0x000007feff329000 	C:\Windows\system32\MSCTF.dll
0x00000000577b0000 - 0x0000000057882000 	E:\Android\Android Studio\jre\jre\bin\msvcr100.dll
0x0000000066110000 - 0x000000006694c000 	E:\Android\Android Studio\jre\jre\bin\server\jvm.dll
0x000007fef7e50000 - 0x000007fef7e59000 	C:\Windows\system32\WSOCK32.dll
0x000007fefed00000 - 0x000007fefed4d000 	C:\Windows\system32\WS2_32.dll
0x000007fefef20000 - 0x000007fefef28000 	C:\Windows\system32\NSI.dll
0x000007fefb170000 - 0x000007fefb1ab000 	C:\Windows\system32\WINMM.dll
0x000007fefc650000 - 0x000007fefc65c000 	C:\Windows\system32\VERSION.dll
0x0000000077920000 - 0x0000000077927000 	C:\Windows\system32\PSAPI.DLL
0x000007fefb580000 - 0x000007fefb58f000 	E:\Android\Android Studio\jre\jre\bin\verify.dll
0x000007fef6340000 - 0x000007fef6369000 	E:\Android\Android Studio\jre\jre\bin\java.dll
0x000007fefb560000 - 0x000007fefb576000 	E:\Android\Android Studio\jre\jre\bin\zip.dll
0x000007fefdcc0000 - 0x000007fefea49000 	C:\Windows\system32\SHELL32.dll
0x000007feff530000 - 0x000007feff72c000 	C:\Windows\system32\ole32.dll
0x000007fefd5b0000 - 0x000007fefd5bf000 	C:\Windows\system32\profapi.dll
0x000007fefa8e0000 - 0x000007fefa8fa000 	E:\Android\Android Studio\jre\jre\bin\net.dll
0x000007fefcd20000 - 0x000007fefcd75000 	C:\Windows\system32\mswsock.dll
0x000007fefcd10000 - 0x000007fefcd17000 	C:\Windows\System32\wship6.dll
0x000007fef6320000 - 0x000007fef6331000 	E:\Android\Android Studio\jre\jre\bin\nio.dll
0x000007fef2480000 - 0x000007fef249e000 	C:\Users\Administrator\.gradle\native\23\windows-amd64\native-platform.dll
0x000007fefcd80000 - 0x000007fefcd97000 	C:\Windows\system32\CRYPTSP.dll
0x000007fefca80000 - 0x000007fefcac7000 	C:\Windows\system32\rsaenh.dll
0x000007fefd720000 - 0x000007fefd73e000 	C:\Windows\system32\USERENV.dll
0x000007fefd450000 - 0x000007fefd45f000 	C:\Windows\system32\CRYPTBASE.dll
0x000007fefae00000 - 0x000007fefae27000 	C:\Windows\system32\IPHLPAPI.DLL
0x000007fefade0000 - 0x000007fefadeb000 	C:\Windows\system32\WINNSI.DLL
0x000007fefa100000 - 0x000007fefa111000 	C:\Windows\system32\dhcpcsvc6.DLL
0x000007fefa0e0000 - 0x000007fefa0f8000 	C:\Windows\system32\dhcpcsvc.DLL
0x000007fef18c0000 - 0x000007fef18cd000 	E:\Android\Android Studio\jre\jre\bin\management.dll
0x000007fefd3b0000 - 0x000007fefd407000 	C:\Windows\system32\apphelp.dll
0x000007feede50000 - 0x000007feedf75000 	C:\Windows\system32\dbghelp.dll

VM Arguments:
jvm_args: -Xmx1536m -Dfile.encoding=GBK -Duser.country=CN -Duser.language=zh -Duser.variant 
java_command: org.gradle.launcher.daemon.bootstrap.GradleDaemon 3.3
java_class_path (initial): C:\Users\Administrator\.gradle\wrapper\dists\gradle-3.3-all\55gk2rcmfc6p2dg9u9ohc3hw9\gradle-3.3\lib\gradle-launcher-3.3.jar
Launcher Type: SUN_STANDARD

Environment Variables:
JAVA_HOME=C:\Program Files\Java\jdk1.8.0_31
PATH=C:\ProgramData\Oracle\Java\javapath;C:\Windows\system32;C:\Windows;C:\Windows\System32\Wbem;C:\Windows\System32\WindowsPowerShell\v1.0\;C:\Program Files\TortoiseSVN\bin;C:\Program Files\Java\jdk1.8.0_31\bin;C:\Program Files\Java\jdk1.8.0_31\lib;C:\Program Files\Java\jdk1.8.0_31\jre\bin;E:\Android\AndroidSDK\platform-tools;E:\Android\AndroidSDK\tools;F:\Program Files\Git\cmd;C:\Windows\system32\config\systemprofile\.dnx\bin;C:\Program Files\Microsoft DNX\Dnvm\;C:\Program Files\Microsoft SQL Server\120\Tools\Binn\;C:\Program Files\Microsoft SQL Server\130\Tools\Binn\;C:\Program Files (x86)\nodejs\;C:\Program Files (x86)\Windows Kits\10\Windows Performance Toolkit\;E:\Android\android-ndk-r10b\;F:\Program Files\Python\Python36\Scripts\;F:\Program Files\Python\Python36\;C:\Users\Administrator\AppData\Roaming\npm;C:\Users\Administrator\AppData\Local\.meteor\
USERNAME=Administrator
OS=Windows_NT
PROCESSOR_IDENTIFIER=Intel64 Family 6 Model 60 Stepping 3, GenuineIntel



---------------  S Y S T E M  ---------------

OS: Windows 7 , 64 bit Build 7601 (6.1.7601.23796)

CPU:total 4 (4 cores per cpu, 1 threads per core) family 6 model 60 stepping 3, cmov, cx8, fxsr, mmx, sse, sse2, sse3, ssse3, sse4.1, sse4.2, popcnt, avx, avx2, aes, clmul, erms, rtm, lzcnt, tsc, tscinvbit, bmi1, bmi2

Memory: 4k page, physical 12519844k(1980088k free), swap 25037828k(10665952k free)

vm_info: OpenJDK 64-Bit Server VM (25.112-b06) for windows-amd64 JRE (1.8.0_112-release-b06), built on Dec  8 2016 00:54:26 by "builder" with MS VC++ 10.0 (VS2010)

time: Fri Jun 02 14:49:27 2017
elapsed time: 23 seconds (0d 0h 0m 23s)

